<?xml version="1.0" encoding="UTF-8"?>
<testExecutions version="1">
  <file path="/Users/giorgiosaud/Projects/Modyo/modyo-widgets-template-vue/tests/unit/ExampleComponent.spec.js">
    <testCase name="ExampleComponent runs as expected" duration="15"/>
    <testCase name="ExampleComponent imageAlt has a default &apos;imagen&apos; value" duration="3"/>
  </file>
  <file path="/Users/giorgiosaud/Projects/Modyo/modyo-widgets-template-vue/tests/unit/liquidParser.spec.js">
    <testCase name="LiquidParser if no liqiud string is provided throws error" duration="18"/>
    <testCase name="LiquidParser if no liqiud string is provided throws error on asyncRequest" duration="1"/>
    <testCase name="LiquidParser return var on asyncRequest" duration="1"/>
    <testCase name="LiquidParser return var on parse" duration="1"/>
    <testCase name="test on production return string on production" duration="0"/>
    <testCase name="test on production return string on production on asyncRequest" duration="0"/>
  </file>
</testExecutions>